mask fields
[2, 3]
... start reading in mask file for I ...
... finish reading in mask file for I ...
issues: 1e-20, 1e-3, 30, bugs in eval comparison logic.
...running /home/c/c-liu/Softwares/PseudoPipe/pseudopipe/core/removeOverlapSameQuery.py ...
...working on I ...
...open ./gff/ensembl-gene-masked/I.ens.gene.masked...
...open ./gff/remove-overlap-same-query/I.same.query.removed.gff...
need to document: overlap limit (20 or 20%), chrom separation of 10000, gap of 60
...running /home/c/c-liu/Softwares/PseudoPipe/pseudopipe/core/mergeMatchesSameQuery.py ...
... I...
... start working on matches of individual query...
...running /home/c/c-liu/Softwares/PseudoPipe/pseudopipe/core/removeOverlapAllQuery.py ...
...PART 1 ...
...PART 1 I...
fix hardcoded chrom lengths. extension pad (buffer) is set to 60 (20 aas?).
...running /home/c/c-liu/Softwares/PseudoPipe/pseudopipe/core/extendMatches.py...
...working on I...
...writing out I...
...running /home/c/c-liu/Softwares/PseudoPipe/pseudopipe/core/fastaAlign.py...
...working on I...
1 fasta invocations; 0.027654 seconds
...running /home/c/c-liu/Softwares/PseudoPipe/pseudopipe/core/parseFastaAlignment.py...
...working on I...
document lengths and cutoffs for cleanup, gap minimum, need to document identifiers match/matchId/geneName/...
...running /home/c/c-liu/Softwares/PseudoPipe/pseudopipe/core/cleanupFasta1.py...
...working on I...
...running /home/c/c-liu/Softwares/PseudoPipe/pseudopipe/core/cleanupFasta2.py...
...working on I...
...running /home/c/c-liu/Softwares/PseudoPipe/pseudopipe/core/cleanupFasta3.py...
...working on I...
...running /home/c/c-liu/Softwares/PseudoPipe/pseudopipe/core/checkPolya.py...
...working on I...
I	I===Y53F4B.43.1===1
...running /home/c/c-liu/Softwares/PseudoPipe/pseudopipe/core/makeExons.py ...
...working on I...
...finish reading karyo band...
I===Y53F4B.43.1===1 D
...working on I...
running filterEnsemblGene.py
running removeOverlapSameQuery.py
running mergeMatchesSameQuery.py
running removeOverlapAllQuery.py
running extendMatches.py
running fastaAlign.py
running parseFastaAlignment.py
running cleanupFasta1.py
running cleanupFasta2.py
running cleanupFasta3.py
running checkPolya.py
running makeExons.py
running makeGenes2.py
all processing completed.
